Copyright 1986-2021 Xilinx, Inc. All Rights Reserved.
---------------------------------------------------------------------------------------------------------------------------------------------------
| Tool Version : Vivado v.2021.2 (lin64) Build 3367213 Tue Oct 19 02:47:39 MDT 2021
| Date         : Wed May 25 16:26:02 2022
| Host         : jonathanb-ZenBook-UX534FTC-UX534FT running 64-bit Ubuntu 20.04.4 LTS
| Command      : report_drc -file pass_through_wrapper_drc_opted.rpt -pb pass_through_wrapper_drc_opted.pb -rpx pass_through_wrapper_drc_opted.rpx
| Design       : pass_through_wrapper
| Device       : xc7z020clg400-1
| Speed File   : -1
| Design State : Synthesized
---------------------------------------------------------------------------------------------------------------------------------------------------

Report DRC

Table of Contents
-----------------
1. REPORT SUMMARY
2. REPORT DETAILS

1. REPORT SUMMARY
-----------------
            Netlist: netlist
          Floorplan: design_1
      Design limits: <entire design considered>
           Ruledeck: default
             Max violations: <unlimited>
             Violations found: 2
+--------+------------------+----------------------------+------------+
| Rule   | Severity         | Description                | Violations |
+--------+------------------+----------------------------+------------+
| NSTD-1 | Critical Warning | Unspecified I/O Standard   | 1          |
| UCIO-1 | Critical Warning | Unconstrained Logical Port | 1          |
+--------+------------------+----------------------------+------------+

2. REPORT DETAILS
-----------------
NSTD-1#1 Critical Warning
Unspecified I/O Standard  
26 out of 157 logical ports use I/O standard (IOSTANDARD) value 'DEFAULT', instead of a user assigned specific value. This may cause I/O contention or incompatibility with the board power or connectivity affecting performance, signal integrity or in extreme cases cause damage to the device or the components to which it is connected. To correct this violation, specify all I/O standards. This design will fail to generate a bitstream unless all logical ports have a user specified I/O standard value defined. To allow bitstream creation with unspecified I/O standard values (not recommended), use this command: set_property SEVERITY {Warning} [get_drc_checks NSTD-1].  NOTE: When using the Vivado Runs infrastructure (e.g. launch_runs Tcl command), add this command to a .tcl file and add that file as a pre-hook for write_bitstream step for the implementation run. Problem ports: gmii_rtl_gtx_clk, gmii_rtl_rx_clk, gmii_rtl_rx_dv, gmii_rtl_rx_er,
gmii_rtl_rxd[7:0], gmii_rtl_tx_clk, gmii_rtl_tx_en, gmii_rtl_tx_er,
gmii_rtl_txd[7:0], mdio_rtl_mdc, mdio_rtl_mdio_io, reset_rtl[0].
Related violations: <none>

UCIO-1#1 Critical Warning
Unconstrained Logical Port  
26 out of 157 logical ports have no user assigned specific location constraint (LOC). This may cause I/O contention or incompatibility with the board power or connectivity affecting performance, signal integrity or in extreme cases cause damage to the device or the components to which it is connected. To correct this violation, specify all pin locations. This design will fail to generate a bitstream unless all logical ports have a user specified site LOC constraint defined.  To allow bitstream creation with unspecified pin locations (not recommended), use this command: set_property SEVERITY {Warning} [get_drc_checks UCIO-1].  NOTE: When using the Vivado Runs infrastructure (e.g. launch_runs Tcl command), add this command to a .tcl file and add that file as a pre-hook for write_bitstream step for the implementation run.  Problem ports: gmii_rtl_gtx_clk, gmii_rtl_rx_clk, gmii_rtl_rx_dv, gmii_rtl_rx_er,
gmii_rtl_rxd[7:0], gmii_rtl_tx_clk, gmii_rtl_tx_en, gmii_rtl_tx_er,
gmii_rtl_txd[7:0], mdio_rtl_mdc, mdio_rtl_mdio_io, reset_rtl[0].
Related violations: <none>


