Copyright 1986-2021 Xilinx, Inc. All Rights Reserved.
----------------------------------------------------------------------------------------------------------------------------------------------------------------------------------
| Tool Version     : Vivado v.2021.2 (lin64) Build 3367213 Tue Oct 19 02:47:39 MDT 2021
| Date             : Wed May 25 16:27:12 2022
| Host             : jonathanb-ZenBook-UX534FTC-UX534FT running 64-bit Ubuntu 20.04.4 LTS
| Command          : report_power -file pass_through_wrapper_power_routed.rpt -pb pass_through_wrapper_power_summary_routed.pb -rpx pass_through_wrapper_power_routed.rpx
| Design           : pass_through_wrapper
| Device           : xc7z020clg400-1
| Design State     : routed
| Grade            : commercial
| Process          : typical
| Characterization : Production
----------------------------------------------------------------------------------------------------------------------------------------------------------------------------------

Power Report

Table of Contents
-----------------
1. Summary
1.1 On-Chip Components
1.2 Power Supply Summary
1.3 Confidence Level
2. Settings
2.1 Environment
2.2 Clock Constraints
3. Detailed Reports
3.1 By Hierarchy

1. Summary
----------

+--------------------------+--------------+
| Total On-Chip Power (W)  | 1.614        |
| Design Power Budget (W)  | Unspecified* |
| Power Budget Margin (W)  | NA           |
| Dynamic (W)              | 1.471        |
| Device Static (W)        | 0.142        |
| Effective TJA (C/W)      | 11.5         |
| Max Ambient (C)          | 66.4         |
| Junction Temperature (C) | 43.6         |
| Confidence Level         | Low          |
| Setting File             | ---          |
| Simulation Activity File | ---          |
| Design Nets Matched      | NA           |
+--------------------------+--------------+
* Specify Design Power Budget using, set_operating_conditions -design_power_budget <value in Watts>


1.1 On-Chip Components
----------------------

+--------------------------+-----------+----------+-----------+-----------------+
| On-Chip                  | Power (W) | Used     | Available | Utilization (%) |
+--------------------------+-----------+----------+-----------+-----------------+
| Clocks                   |     0.041 |       10 |       --- |             --- |
| Slice Logic              |     0.013 |    14082 |       --- |             --- |
|   LUT as Logic           |     0.010 |     3918 |     53200 |            7.36 |
|   Register               |    <0.001 |     7155 |    106400 |            6.72 |
|   LUT as Distributed RAM |    <0.001 |      824 |     17400 |            4.74 |
|   CARRY4                 |    <0.001 |      261 |     13300 |            1.96 |
|   LUT as Shift Register  |    <0.001 |       84 |     17400 |            0.48 |
|   F7/F8 Muxes            |    <0.001 |       79 |     53200 |            0.15 |
|   Others                 |     0.000 |      778 |       --- |             --- |
| Signals                  |     0.021 |    10315 |       --- |             --- |
| Block RAM                |     0.015 |       14 |       140 |           10.00 |
| MMCM                     |     0.107 |        1 |         4 |           25.00 |
| I/O                      |     0.019 |       27 |       125 |           21.60 |
| PS7                      |     1.256 |        1 |       --- |             --- |
| Static Power             |     0.142 |          |           |                 |
| Total                    |     1.614 |          |           |                 |
+--------------------------+-----------+----------+-----------+-----------------+


1.2 Power Supply Summary
------------------------

+-----------+-------------+-----------+-------------+------------+-------------+-------------+------------+
| Source    | Voltage (V) | Total (A) | Dynamic (A) | Static (A) | Powerup (A) | Budget (A)  | Margin (A) |
+-----------+-------------+-----------+-------------+------------+-------------+-------------+------------+
| Vccint    |       1.000 |     0.105 |       0.090 |      0.015 |       NA    | Unspecified | NA         |
| Vccaux    |       1.800 |     0.080 |       0.065 |      0.015 |       NA    | Unspecified | NA         |
| Vcco33    |       3.300 |     0.000 |       0.000 |      0.000 |       NA    | Unspecified | NA         |
| Vcco25    |       2.500 |     0.000 |       0.000 |      0.000 |       NA    | Unspecified | NA         |
| Vcco18    |       1.800 |     0.005 |       0.004 |      0.001 |       NA    | Unspecified | NA         |
| Vcco15    |       1.500 |     0.000 |       0.000 |      0.000 |       NA    | Unspecified | NA         |
| Vcco135   |       1.350 |     0.000 |       0.000 |      0.000 |       NA    | Unspecified | NA         |
| Vcco12    |       1.200 |     0.000 |       0.000 |      0.000 |       NA    | Unspecified | NA         |
| Vccaux_io |       1.800 |     0.000 |       0.000 |      0.000 |       NA    | Unspecified | NA         |
| Vccbram   |       1.000 |     0.003 |       0.001 |      0.002 |       NA    | Unspecified | NA         |
| MGTAVcc   |       1.000 |     0.000 |       0.000 |      0.000 |       NA    | Unspecified | NA         |
| MGTAVtt   |       1.200 |     0.000 |       0.000 |      0.000 |       NA    | Unspecified | NA         |
| MGTVccaux |       1.800 |     0.000 |       0.000 |      0.000 |       NA    | Unspecified | NA         |
| Vccpint   |       1.000 |     0.676 |       0.647 |      0.029 |       NA    | Unspecified | NA         |
| Vccpaux   |       1.800 |     0.036 |       0.026 |      0.010 |       NA    | Unspecified | NA         |
| Vccpll    |       1.800 |     0.017 |       0.014 |      0.003 |       NA    | Unspecified | NA         |
| Vcco_ddr  |       1.500 |     0.354 |       0.352 |      0.002 |       NA    | Unspecified | NA         |
| Vcco_mio0 |       3.300 |     0.003 |       0.002 |      0.001 |       NA    | Unspecified | NA         |
| Vcco_mio1 |       1.800 |     0.003 |       0.002 |      0.001 |       NA    | Unspecified | NA         |
| Vccadc    |       1.800 |     0.020 |       0.000 |      0.020 |       NA    | Unspecified | NA         |
+-----------+-------------+-----------+-------------+------------+-------------+-------------+------------+


1.3 Confidence Level
--------------------

+-----------------------------+------------+--------------------------------------------------------+------------------------------------------------------------------------------------------------------------+
| User Input Data             | Confidence | Details                                                | Action                                                                                                     |
+-----------------------------+------------+--------------------------------------------------------+------------------------------------------------------------------------------------------------------------+
| Design implementation state | High       | Design is routed                                       |                                                                                                            |
| Clock nodes activity        | High       | User specified more than 95% of clocks                 |                                                                                                            |
| I/O nodes activity          | Low        | More than 75% of inputs are missing user specification | Provide missing input activity with simulation results or by editing the "By Resource Type -> I/Os" view   |
| Internal nodes activity     | Medium     | User specified less than 25% of internal nodes         | Provide missing internal nodes activity with simulation results or by editing the "By Resource Type" views |
| Device models               | High       | Device models are Production                           |                                                                                                            |
|                             |            |                                                        |                                                                                                            |
| Overall confidence level    | Low        |                                                        |                                                                                                            |
+-----------------------------+------------+--------------------------------------------------------+------------------------------------------------------------------------------------------------------------+


2. Settings
-----------

2.1 Environment
---------------

+-----------------------+------------------------+
| Ambient Temp (C)      | 25.0                   |
| ThetaJA (C/W)         | 11.5                   |
| Airflow (LFM)         | 250                    |
| Heat Sink             | none                   |
| ThetaSA (C/W)         | 0.0                    |
| Board Selection       | medium (10"x10")       |
| # of Board Layers     | 8to11 (8 to 11 Layers) |
| Board Temperature (C) | 25.0                   |
+-----------------------+------------------------+


2.2 Clock Constraints
---------------------

+-----------------------------------------------+-----------------------------------------------------------------------------------------+-----------------+
| Clock                                         | Domain                                                                                  | Constraint (ns) |
+-----------------------------------------------+-----------------------------------------------------------------------------------------+-----------------+
| clk_fpga_0                                    | pass_through_i/processing_system7_0/inst/FCLK_CLK_unbuffered[0]                         |            10.0 |
| clk_out1_pass_through_axi_ethernet_0_refclk_1 | pass_through_i/axi_ethernet_0_refclk/inst/clk_out1_pass_through_axi_ethernet_0_refclk_1 |             5.0 |
| clk_out2_pass_through_axi_ethernet_0_refclk_1 | pass_through_i/axi_ethernet_0_refclk/inst/clk_out2_pass_through_axi_ethernet_0_refclk_1 |             8.0 |
| clkfbout_pass_through_axi_ethernet_0_refclk_1 | pass_through_i/axi_ethernet_0_refclk/inst/clkfbout_pass_through_axi_ethernet_0_refclk_1 |             8.0 |
| gmii_rtl_rx_clk                               | gmii_rtl_rx_clk                                                                         |             8.0 |
| gmii_rtl_tx_clk                               | gmii_rtl_tx_clk                                                                         |             8.0 |
| sys_clock                                     | sys_clock                                                                               |             8.0 |
+-----------------------------------------------+-----------------------------------------------------------------------------------------+-----------------+


3. Detailed Reports
-------------------

3.1 By Hierarchy
----------------

+---------------------------+-----------+
| Name                      | Power (W) |
+---------------------------+-----------+
| pass_through_wrapper      |     1.471 |
|   pass_through_i          |     1.471 |
|     axi_ethernet_0        |     0.086 |
|       inst                |     0.086 |
|     axi_ethernet_0_fifo   |     0.015 |
|       U0                  |     0.015 |
|     axi_ethernet_0_refclk |     0.108 |
|       inst                |     0.108 |
|     processing_system7_0  |     1.257 |
|       inst                |     1.257 |
|     ps7_0_axi_periph      |     0.005 |
|       s00_couplers        |     0.004 |
+---------------------------+-----------+


